<?xml version="1.0" encoding="UTF-8"?>
<!-- Generated by org.testng.reporters.JUnitXMLReporter -->
<testsuite ignored="0" hostname="DESKTOP-OFPI017" failures="1" tests="1" name="Error Validation Test2" time="7.136" errors="0" timestamp="2023-08-23T22:24:39 IST">
  <testcase classname="ShoppingApplication.Tests.ErrorValidationTest" name="loginErrorValidation" time="0.828">
    <failure type="java.lang.AssertionError" message="expected [Incorrect email  password.] but found [Incorrect email or password.]">
      <![CDATA[java.lang.AssertionError: expected [Incorrect email  password.] but found [Incorrect email or password.]
at ShoppingApplication.Tests.ErrorValidationTest.loginErrorValidation(ErrorValidationTest.java:22)
at java.base/java.util.ArrayList.forEach(ArrayList.java:1511)
... Removed 31 stack frames]]>
    </failure>
  </testcase> <!-- loginErrorValidation -->
</testsuite> <!-- Error Validation Test2 -->
