<?xml version="1.0" encoding="UTF-8"?>
<!-- Generated by org.testng.reporters.JUnitXMLReporter -->
<testsuite ignored="0" hostname="DESKTOP-OFPI017" failures="1" tests="2" name="Error Validation Test" time="63.109" errors="0" timestamp="2023-08-27T12:24:46 IST">
  <testcase classname="ShoppingApplication.Tests.ErrorValidationTest" name="loginErrorValidation" time="1.348">
    <skipped/>
  </testcase> <!-- loginErrorValidation -->
  <testcase classname="ShoppingApplication.Tests.ErrorValidationTest" name="loginErrorValidation" time="2.168">
    <failure type="java.lang.AssertionError" message="expected [Incorrect email  password.] but found [Incorrect email or password.]">
      <![CDATA[java.lang.AssertionError: expected [Incorrect email  password.] but found [Incorrect email or password.]
at ShoppingApplication.Tests.ErrorValidationTest.loginErrorValidation(ErrorValidationTest.java:23)
at java.base/java.util.ArrayList.forEach(ArrayList.java:1511)
at java.base/java.util.concurrent.FutureTask.run(FutureTask.java:264)
at java.base/java.util.concurrent.ThreadPoolExecutor.runWorker(ThreadPoolExecutor.java:1136)
at java.base/java.util.concurrent.ThreadPoolExecutor$Worker.run(ThreadPoolExecutor.java:635)
at java.base/java.lang.Thread.run(Thread.java:833)
... Removed 22 stack frames]]>
    </failure>
  </testcase> <!-- loginErrorValidation -->
</testsuite> <!-- Error Validation Test -->
