<?xml version="1.0" encoding="UTF-8"?>
<!-- Generated by org.testng.reporters.JUnitXMLReporter -->
<testsuite ignored="0" hostname="DESKTOP-OFPI017" failures="0" tests="2" name="SubmitOrder Test" time="65.746" errors="0" timestamp="2023-08-27T12:24:48 IST">
  <testcase classname="ShoppingApplication.Tests.SubmitOrderTest" name="submitOrder" time="5.729"/>
  <testcase classname="ShoppingApplication.Tests.SubmitOrderTest" name="orderHistory" time="1.212"/>
</testsuite> <!-- SubmitOrder Test -->
